<?xml version="1.0" encoding="UTF-8"?>
<!-- Generated by org.testng.reporters.JUnitXMLReporter -->
<testsuite ignored="1" hostname="user1" failures="0" tests="1" name="Test(failed)(failed)" time="7.499" errors="0" timestamp="2025-04-02T14:55:24 IST">
  <testcase classname="testScripts.BookSearchTest" name="testNovelSearch" time="0.109"/>
  <testcase classname="testScripts.BookSearchTest" name="testCrimeSearch" time="0.0">
    <ignored/>
  </testcase> <!-- testCrimeSearch -->
</testsuite> <!-- Test(failed)(failed) -->
