<?xml version="1.0" encoding="UTF-8"?>
<!-- Generated by org.testng.reporters.JUnitXMLReporter -->
<testsuite ignored="0" hostname="user1" failures="0" tests="8" name="ModuleThreeTest" time="0.037" errors="0" timestamp="2025-04-03T14:45:39 IST">
  <testcase classname="parallelScripts.SampleOneTest" name="testFour" time="0.001"/>
  <testcase classname="parallelScripts.SampleOneTest" name="testOne" time="0.004"/>
  <testcase classname="parallelScripts.SampleOneTest" name="testThree" time="0.002"/>
  <testcase classname="parallelScripts.SampleOneTest" name="testTwo" time="0.001"/>
  <testcase classname="parallelScripts.SampleTwoTest" name="testFour" time="0.0"/>
  <testcase classname="parallelScripts.SampleTwoTest" name="testOne" time="0.002"/>
  <testcase classname="parallelScripts.SampleTwoTest" name="testThree" time="0.002"/>
  <testcase classname="parallelScripts.SampleTwoTest" name="testTwo" time="0.0"/>
</testsuite> <!-- ModuleThreeTest -->
