<?xml version="1.0" encoding="UTF-8"?>
<!-- Generated by org.testng.reporters.JUnitXMLReporter -->
<testsuite ignored="0" hostname="user1" failures="1" tests="2" name="Test" time="12.969" errors="0" timestamp="2025-04-02T17:38:50 IST">
  <testcase classname="testScripts.BookSearchTest" name="testHorrorSearch" time="0.126">
    <failure type="java.lang.AssertionError" message="expected [true] but found [false]">
      <![CDATA[java.lang.AssertionError: expected [true] but found [false]
at testScripts.BookSearchTest.testHorrorSearch(BookSearchTest.java:73)
at java.base/java.util.ArrayList.forEach(ArrayList.java:1511)
... Removed 31 stack frames]]>
    </failure>
  </testcase> <!-- testHorrorSearch -->
  <testcase classname="testScripts.BookSearchTest" name="testFantacySearch" time="0.115"/>
</testsuite> <!-- Test -->
