<?xml version="1.0" encoding="UTF-8"?>
<!-- Generated by org.testng.reporters.JUnitXMLReporter -->
<testsuite ignored="1" hostname="user1" failures="1" tests="1" name="Test(failed)" time="7.334" errors="0" timestamp="2025-04-02T14:51:55 IST">
  <testcase classname="testScripts.BookSearchTest" name="testNovelSearch" time="0.152">
    <failure type="java.lang.AssertionError" message="expected [true] but found [false]">
      <![CDATA[java.lang.AssertionError: expected [true] but found [false]
at testScripts.BookSearchTest.testNovelSearch(BookSearchTest.java:43)
at java.base/java.util.ArrayList.forEach(ArrayList.java:1511)
... Removed 31 stack frames]]>
    </failure>
  </testcase> <!-- testNovelSearch -->
  <testcase classname="testScripts.BookSearchTest" name="testCrimeSearch" time="0.0">
    <ignored/>
  </testcase> <!-- testCrimeSearch -->
</testsuite> <!-- Test(failed) -->
