<?xml version="1.0" encoding="UTF-8"?>
<testng-results ignored="0" total="1" passed="1" failed="0" skipped="0">
  <reporter-output>
  </reporter-output>
  <suite started-at="2025-03-29T17:09:10 IST" name="Default suite" finished-at="2025-03-29T17:09:18 IST" duration-ms="8250">
    <groups>
    </groups>
    <test started-at="2025-03-29T17:09:10 IST" name="Default test" finished-at="2025-03-29T17:09:18 IST" duration-ms="8250">
      <class name="testScripts.WebTableTest">
        <test-method signature="dynamicWeb()[pri:0, instance:testScripts.WebTableTest@4944252c]" started-at="2025-03-29T17:09:10 IST" name="dynamicWeb" finished-at="2025-03-29T17:09:18 IST" duration-ms="8179" status="PASS">
          <reporter-output>
          </reporter-output>
        </test-method> <!-- dynamicWeb -->
      </class> <!-- testScripts.WebTableTest -->
    </test> <!-- Default test -->
  </suite> <!-- Default suite -->
</testng-results>
