<?xml version="1.0" encoding="UTF-8"?>
<testng-results ignored="0" total="1" passed="1" failed="0" skipped="0">
  <reporter-output>
  </reporter-output>
  <suite started-at="2025-03-27T17:43:10 IST" name="Default suite" finished-at="2025-03-27T17:43:27 IST" duration-ms="17145">
    <groups>
    </groups>
    <test started-at="2025-03-27T17:43:10 IST" name="Default test" finished-at="2025-03-27T17:43:27 IST" duration-ms="17145">
      <class name="testScripts.MouseActionTest">
        <test-method signature="selectCHeckbox()[pri:0, instance:testScripts.MouseActionTest@4686afc2]" started-at="2025-03-27T17:43:10 IST" name="selectCHeckbox" finished-at="2025-03-27T17:43:27 IST" duration-ms="16971" status="PASS">
          <reporter-output>
          </reporter-output>
        </test-method> <!-- selectCHeckbox -->
      </class> <!-- testScripts.MouseActionTest -->
    </test> <!-- Default test -->
  </suite> <!-- Default suite -->
</testng-results>
